Line 42: Class MSDataGridLib.DataGrid of control DataGrid2 was not a loaded control class.
Line 107: Class MSDataGridLib.DataGrid of control DataGrid1 was not a loaded control class.
Line 172: Class MSAdodcLib.Adodc of control Adodc2 was not a loaded control class.
Line 219: Class MSAdodcLib.Adodc of control Adodc1 was not a loaded control class.
Line 43: The property name Bindings in DataGrid2 is invalid.
Line 49: The property name _ExtentX in DataGrid2 is invalid.
Line 50: The property name _ExtentY in DataGrid2 is invalid.
Line 51: The property name _Version in DataGrid2 is invalid.
Line 52: The property name HeadLines in DataGrid2 is invalid.
Line 53: The property name RowHeight in DataGrid2 is invalid.
Line 62: The property name HeadFont in DataGrid2 is invalid.
Line 72: The property name ColumnCount in DataGrid2 is invalid.
Line 85: The property name Column00 in DataGrid2 is invalid.
Line 98: The property name Column01 in DataGrid2 is invalid.
Line 99: The property name SplitCount in DataGrid2 is invalid.
Line 105: The property name Split0 in DataGrid2 is invalid.
Line 108: The property name Bindings in DataGrid1 is invalid.
Line 114: The property name _ExtentX in DataGrid1 is invalid.
Line 115: The property name _ExtentY in DataGrid1 is invalid.
Line 116: The property name _Version in DataGrid1 is invalid.
Line 117: The property name HeadLines in DataGrid1 is invalid.
Line 118: The property name RowHeight in DataGrid1 is invalid.
Line 127: The property name HeadFont in DataGrid1 is invalid.
Line 137: The property name ColumnCount in DataGrid1 is invalid.
Line 150: The property name Column00 in DataGrid1 is invalid.
Line 163: The property name Column01 in DataGrid1 is invalid.
Line 164: The property name SplitCount in DataGrid1 is invalid.
Line 170: The property name Split0 in DataGrid1 is invalid.
Line 178: The property name _ExtentX in Adodc2 is invalid.
Line 179: The property name _ExtentY in Adodc2 is invalid.
Line 180: The property name ConnectMode in Adodc2 is invalid.
Line 181: The property name CursorLocation in Adodc2 is invalid.
Line 182: The property name IsolationLevel in Adodc2 is invalid.
Line 183: The property name ConnectionTimeout in Adodc2 is invalid.
Line 184: The property name CommandTimeout in Adodc2 is invalid.
Line 185: The property name CursorType in Adodc2 is invalid.
Line 186: The property name LockType in Adodc2 is invalid.
Line 187: The property name CommandType in Adodc2 is invalid.
Line 188: The property name CursorOptions in Adodc2 is invalid.
Line 189: The property name CacheSize in Adodc2 is invalid.
Line 190: The property name MaxRecords in Adodc2 is invalid.
Line 191: The property name BOFAction in Adodc2 is invalid.
Line 192: The property name EOFAction in Adodc2 is invalid.
Line 193: The property name ConnectStringType in Adodc2 is invalid.
Line 197: The property name Orientation in Adodc2 is invalid.
Line 199: The property name Connect in Adodc2 is invalid.
Line 200: The property name OLEDBString in Adodc2 is invalid.
Line 201: The property name OLEDBFile in Adodc2 is invalid.
Line 202: The property name DataSourceName in Adodc2 is invalid.
Line 203: The property name OtherAttributes in Adodc2 is invalid.
Line 204: The property name UserName in Adodc2 is invalid.
Line 205: The property name Password in Adodc2 is invalid.
Line 206: The property name RecordSource in Adodc2 is invalid.
Line 207: The property name Caption in Adodc2 is invalid.
Line 217: The property name _Version in Adodc2 is invalid.
Line 225: The property name _ExtentX in Adodc1 is invalid.
Line 226: The property name _ExtentY in Adodc1 is invalid.
Line 227: The property name ConnectMode in Adodc1 is invalid.
Line 228: The property name CursorLocation in Adodc1 is invalid.
Line 229: The property name IsolationLevel in Adodc1 is invalid.
Line 230: The property name ConnectionTimeout in Adodc1 is invalid.
Line 231: The property name CommandTimeout in Adodc1 is invalid.
Line 232: The property name CursorType in Adodc1 is invalid.
Line 233: The property name LockType in Adodc1 is invalid.
Line 234: The property name CommandType in Adodc1 is invalid.
Line 235: The property name CursorOptions in Adodc1 is invalid.
Line 236: The property name CacheSize in Adodc1 is invalid.
Line 237: The property name MaxRecords in Adodc1 is invalid.
Line 238: The property name BOFAction in Adodc1 is invalid.
Line 239: The property name EOFAction in Adodc1 is invalid.
Line 240: The property name ConnectStringType in Adodc1 is invalid.
Line 244: The property name Orientation in Adodc1 is invalid.
Line 246: The property name Connect in Adodc1 is invalid.
Line 247: The property name OLEDBString in Adodc1 is invalid.
Line 248: The property name OLEDBFile in Adodc1 is invalid.
Line 249: The property name DataSourceName in Adodc1 is invalid.
Line 250: The property name OtherAttributes in Adodc1 is invalid.
Line 251: The property name UserName in Adodc1 is invalid.
Line 252: The property name Password in Adodc1 is invalid.
Line 253: The property name RecordSource in Adodc1 is invalid.
Line 254: The property name Caption in Adodc1 is invalid.
Line 264: The property name _Version in Adodc1 is invalid.
